z:\programming projects\shooter\shooter-game\shooter\shooter\debug\vc142.pdb
z:\programming projects\shooter\shooter-game\shooter\shooter\debug\vc142.idb
z:\programming projects\shooter\shooter-game\shooter\shooter\debug\source.obj
z:\programming projects\shooter\shooter-game\shooter\shooter\debug\menu.obj
z:\programming projects\shooter\shooter-game\shooter\shooter\debug\list.obj
z:\programming projects\shooter\shooter-game\shooter\shooter\debug\gametext.obj
z:\programming projects\shooter\shooter-game\shooter\shooter\debug\gamemode.obj
z:\programming projects\shooter\shooter-game\shooter\shooter\debug\game.obj
z:\programming projects\shooter\shooter-game\shooter\shooter\debug\graphic.obj
z:\programming projects\shooter\shooter-game\shooter\shooter\debug\maingame.obj
z:\programming projects\shooter\shooter-game\shooter\shooter\debug\player.obj
z:\programming projects\shooter\shooter-game\shooter\shooter\debug\frame.obj
z:\programming projects\shooter\shooter-game\shooter\shooter\debug\animation.obj
z:\programming projects\shooter\shooter-game\shooter\shooter\debug\gameobject.obj
z:\programming projects\shooter\shooter-game\shooter\shooter\debug\bullet.obj
z:\programming projects\shooter\shooter-game\shooter\shooter\debug\hitbox.obj
z:\programming projects\shooter\shooter-game\shooter\shooter\debug\collisiondetector.obj
z:\programming projects\shooter\shooter-game\shooter\debug\shooter.exe
z:\programming projects\shooter\shooter-game\shooter\debug\shooter.ilk
z:\programming projects\shooter\shooter-game\shooter\debug\shooter.pdb
z:\programming projects\shooter\shooter-game\shooter\shooter\debug\game.obj.enc
z:\programming projects\shooter\shooter-game\shooter\shooter\debug\shooter.tlog\cl.command.1.tlog
z:\programming projects\shooter\shooter-game\shooter\shooter\debug\shooter.tlog\cl.read.1.tlog
z:\programming projects\shooter\shooter-game\shooter\shooter\debug\shooter.tlog\cl.write.1.tlog
z:\programming projects\shooter\shooter-game\shooter\shooter\debug\shooter.tlog\link.command.1.tlog
z:\programming projects\shooter\shooter-game\shooter\shooter\debug\shooter.tlog\link.read.1.tlog
z:\programming projects\shooter\shooter-game\shooter\shooter\debug\shooter.tlog\link.write.1.tlog
