  Bullet.cpp
Z:\Programming Projects\Shooter\Shooter-Game\Shooter\Shooter\CollisionDetector.h(66,21): warning C4018: '<': signed/unsigned mismatch
Z:\Programming Projects\Shooter\Shooter-Game\Shooter\Shooter\Bullet.cpp(6,16): warning C4244: 'initializing': conversion from 'double' to 'float', possible loss of data
Z:\Programming Projects\Shooter\Shooter-Game\Shooter\Shooter\Bullet.cpp(56,12): warning C4244: '=': conversion from 'float' to 'int', possible loss of data
Z:\Programming Projects\Shooter\Shooter-Game\Shooter\Shooter\Bullet.cpp(57,23): warning C4244: '=': conversion from 'double' to 'float', possible loss of data
Z:\Programming Projects\Shooter\Shooter-Game\Shooter\Shooter\Bullet.cpp(62,12): warning C4244: '=': conversion from 'float' to 'int', possible loss of data
Z:\Programming Projects\Shooter\Shooter-Game\Shooter\Shooter\Bullet.cpp(63,23): warning C4244: '=': conversion from 'double' to 'float', possible loss of data
  Enemy.cpp
  Game.cpp
Z:\Programming Projects\Shooter\Shooter-Game\Shooter\Shooter\CollisionDetector.h(66,21): warning C4018: '<': signed/unsigned mismatch
Z:\Programming Projects\Shooter\Shooter-Game\Shooter\Shooter\Game.cpp(27,20): warning C4018: '<': signed/unsigned mismatch
  MainGame.cpp
Z:\Programming Projects\Shooter\Shooter-Game\Shooter\Shooter\CollisionDetector.h(66,21): warning C4018: '<': signed/unsigned mismatch
Z:\Programming Projects\Shooter\Shooter-Game\Shooter\Shooter\MainGame.cpp(21,18): warning C4150: deletion of pointer to incomplete type 'SDL_Cursor'; no destructor called
Z:\Programming Projects\Shooter\Shooter-Game\Shooter\packages\sdl2.nuget.2.0.14\build\native\include\SDL_mouse.h(41): message : see declaration of 'SDL_Cursor'
Z:\Programming Projects\Shooter\Shooter-Game\Shooter\Shooter\MainGame.cpp(65,22): warning C4018: '<': signed/unsigned mismatch
  Player.cpp
Z:\Programming Projects\Shooter\Shooter-Game\Shooter\Shooter\CollisionDetector.h(66,21): warning C4018: '<': signed/unsigned mismatch
Z:\Programming Projects\Shooter\Shooter-Game\Shooter\Shooter\Player.cpp(195,12): warning C4244: '=': conversion from 'double' to 'int', possible loss of data
Z:\Programming Projects\Shooter\Shooter-Game\Shooter\Shooter\Player.cpp(199,12): warning C4244: '=': conversion from 'double' to 'int', possible loss of data
Z:\Programming Projects\Shooter\Shooter-Game\Shooter\Shooter\Player.cpp(208,12): warning C4244: '=': conversion from 'double' to 'int', possible loss of data
Z:\Programming Projects\Shooter\Shooter-Game\Shooter\Shooter\Player.cpp(212,12): warning C4244: '=': conversion from 'double' to 'int', possible loss of data
Z:\Programming Projects\Shooter\Shooter-Game\Shooter\Shooter\Player.cpp(231,8): warning C4244: 'initializing': conversion from 'double' to 'int', possible loss of data
Z:\Programming Projects\Shooter\Shooter-Game\Shooter\Shooter\Player.cpp(232,8): warning C4244: 'initializing': conversion from 'double' to 'int', possible loss of data
Z:\Programming Projects\Shooter\Shooter-Game\Shooter\Shooter\Player.cpp(248,13): warning C4244: '=': conversion from 'float' to 'int', possible loss of data
Z:\Programming Projects\Shooter\Shooter-Game\Shooter\Shooter\Player.cpp(264,14): warning C4244: 'initializing': conversion from 'double' to 'float', possible loss of data
  Source.cpp
Z:\Programming Projects\Shooter\Shooter-Game\Shooter\Shooter\CollisionDetector.h(66,21): warning C4018: '<': signed/unsigned mismatch
  Generating Code...
  Shooter.vcxproj -> Z:\Programming Projects\Shooter\Shooter-Game\Shooter\Debug\Shooter.exe
